2021-06-16 17:01:12,130 [INFO] [app.py line 18 @139850896783168] - app script starts 
2021-06-16 17:01:12,138 [INFO] [app.py line 26 @139850896783168] - reading data 
2021-06-16 17:01:14,654 [INFO] [app.py line 31 @139850896783168] - formatting data 
2021-06-16 17:01:14,660 [INFO] [app.py line 40 @139850896783168] - creating graphs 
2021-06-16 17:01:24,293 [INFO] [app.py line 76 @139850896783168] - defining layout 
2021-06-16 17:01:24,297 [INFO] [app.py line 121 @139850896783168] - running development server 
2021-06-16 17:01:24,299 [INFO] [/home/antti/projects/ympariajo-info/ajoinfo/lib/python3.8/site-packages/dash/dash.py line 1716 @139850896783168] - Dash is running on http://127.0.0.1:8050/
 
2021-06-16 17:01:25,060 [INFO] [/home/antti/projects/ympariajo-info/app.py line 18 @139691177822016] - app script starts 
2021-06-16 17:01:25,067 [INFO] [/home/antti/projects/ympariajo-info/app.py line 26 @139691177822016] - reading data 
2021-06-16 17:01:27,942 [INFO] [/home/antti/projects/ympariajo-info/app.py line 31 @139691177822016] - formatting data 
2021-06-16 17:01:27,948 [INFO] [/home/antti/projects/ympariajo-info/app.py line 40 @139691177822016] - creating graphs 
2021-06-16 17:01:37,503 [INFO] [/home/antti/projects/ympariajo-info/app.py line 76 @139691177822016] - defining layout 
2021-06-16 17:01:37,504 [INFO] [/home/antti/projects/ympariajo-info/app.py line 121 @139691177822016] - running development server 
2021-06-16 17:04:22,829 [INFO] [/home/antti/projects/ympariajo-info/app.py line 18 @140442734147392] - app script starts 
2021-06-16 17:04:22,841 [INFO] [/home/antti/projects/ympariajo-info/app.py line 26 @140442734147392] - reading data 
2021-06-16 17:04:25,361 [INFO] [/home/antti/projects/ympariajo-info/app.py line 31 @140442734147392] - formatting data 
2021-06-16 17:04:25,367 [INFO] [/home/antti/projects/ympariajo-info/app.py line 39 @140442734147392] - creating graphs 
2021-06-16 17:09:50,727 [INFO] [app.py line 18 @140325006145344] - app script starts 
2021-06-16 17:09:50,735 [INFO] [app.py line 26 @140325006145344] - reading data 
2021-06-16 17:09:53,236 [INFO] [app.py line 31 @140325006145344] - formatting data 
2021-06-16 17:09:53,241 [INFO] [app.py line 39 @140325006145344] - creating graphs 
2021-06-16 17:10:03,124 [INFO] [app.py line 75 @140325006145344] - defining layout 
2021-06-16 17:10:03,126 [INFO] [app.py line 120 @140325006145344] - running development server 
2021-06-16 17:10:03,128 [INFO] [/home/antti/projects/ympariajo-info/ajoinfo/lib/python3.8/site-packages/dash/dash.py line 1716 @140325006145344] - Dash is running on http://127.0.0.1:8050/
 
2021-06-16 17:10:03,866 [INFO] [/home/antti/projects/ympariajo-info/app.py line 18 @140674933741376] - app script starts 
2021-06-16 17:10:03,874 [INFO] [/home/antti/projects/ympariajo-info/app.py line 26 @140674933741376] - reading data 
2021-06-16 17:10:06,377 [INFO] [/home/antti/projects/ympariajo-info/app.py line 31 @140674933741376] - formatting data 
2021-06-16 17:10:06,382 [INFO] [/home/antti/projects/ympariajo-info/app.py line 39 @140674933741376] - creating graphs 
2021-06-16 17:10:16,039 [INFO] [/home/antti/projects/ympariajo-info/app.py line 75 @140674933741376] - defining layout 
2021-06-16 17:10:16,045 [INFO] [/home/antti/projects/ympariajo-info/app.py line 120 @140674933741376] - running development server 
2021-06-16 21:19:00,133 [INFO] [app.py line 18 @139961915717440] - app script starts 
2021-06-16 21:19:00,142 [INFO] [app.py line 26 @139961915717440] - reading data 
2021-06-16 21:19:00,722 [INFO] [app.py line 31 @139961915717440] - formatting data 
2021-06-16 21:19:00,727 [INFO] [app.py line 39 @139961915717440] - creating graphs 
2021-06-16 21:19:02,972 [INFO] [app.py line 75 @139961915717440] - defining layout 
2021-06-16 21:19:02,975 [INFO] [app.py line 120 @139961915717440] - running development server 
2021-06-16 21:19:02,977 [INFO] [/home/antti/projects/ympariajo-info/ajoinfo/lib/python3.8/site-packages/dash/dash.py line 1716 @139961915717440] - Dash is running on http://127.0.0.1:8050/
 
2021-06-16 21:19:03,693 [INFO] [/home/antti/projects/ympariajo-info/app.py line 18 @140228941940544] - app script starts 
2021-06-16 21:19:03,701 [INFO] [/home/antti/projects/ympariajo-info/app.py line 26 @140228941940544] - reading data 
2021-06-16 21:19:04,284 [INFO] [/home/antti/projects/ympariajo-info/app.py line 31 @140228941940544] - formatting data 
2021-06-16 21:19:04,290 [INFO] [/home/antti/projects/ympariajo-info/app.py line 39 @140228941940544] - creating graphs 
2021-06-16 21:19:06,505 [INFO] [/home/antti/projects/ympariajo-info/app.py line 75 @140228941940544] - defining layout 
2021-06-16 21:19:06,508 [INFO] [/home/antti/projects/ympariajo-info/app.py line 120 @140228941940544] - running development server 
2021-06-16 21:47:20,189 [INFO] [app.py line 18 @140029033748288] - app script starts 
2021-06-16 21:47:20,200 [INFO] [app.py line 26 @140029033748288] - reading data 
2021-06-16 21:47:20,656 [INFO] [app.py line 31 @140029033748288] - formatting data 
2021-06-16 21:47:20,661 [INFO] [app.py line 39 @140029033748288] - creating graphs 
2021-06-16 21:47:22,356 [INFO] [app.py line 75 @140029033748288] - defining layout 
2021-06-16 21:47:22,360 [INFO] [app.py line 120 @140029033748288] - running development server 
2021-06-16 21:47:22,362 [INFO] [/home/antti/projects/ympariajo-info/ajoinfo/lib/python3.8/site-packages/dash/dash.py line 1716 @140029033748288] - Dash is running on http://127.0.0.1:8050/
 
2021-06-16 21:47:23,058 [INFO] [/home/antti/projects/ympariajo-info/app.py line 18 @139731352606528] - app script starts 
2021-06-16 21:47:23,066 [INFO] [/home/antti/projects/ympariajo-info/app.py line 26 @139731352606528] - reading data 
2021-06-16 21:47:23,452 [INFO] [/home/antti/projects/ympariajo-info/app.py line 31 @139731352606528] - formatting data 
2021-06-16 21:47:23,456 [INFO] [/home/antti/projects/ympariajo-info/app.py line 39 @139731352606528] - creating graphs 
2021-06-16 21:47:25,061 [INFO] [/home/antti/projects/ympariajo-info/app.py line 75 @139731352606528] - defining layout 
2021-06-16 21:47:25,065 [INFO] [/home/antti/projects/ympariajo-info/app.py line 120 @139731352606528] - running development server 
2021-06-17 10:36:59,517 [INFO] [app.py line 18 @140115776837440] - app script starts 
2021-06-17 10:36:59,526 [INFO] [app.py line 26 @140115776837440] - reading data 
2021-06-17 10:36:59,915 [INFO] [app.py line 31 @140115776837440] - formatting data 
2021-06-17 10:36:59,921 [INFO] [app.py line 41 @140115776837440] - creating graphs 
2021-06-17 10:37:01,578 [INFO] [app.py line 93 @140115776837440] - defining layout 
2021-06-17 10:37:01,582 [INFO] [app.py line 162 @140115776837440] - running development server 
2021-06-17 10:37:01,583 [INFO] [/home/antti/projects/ympariajo-info/ajoinfo/lib/python3.8/site-packages/dash/dash.py line 1716 @140115776837440] - Dash is running on http://127.0.0.1:8050/
 
2021-06-17 10:37:02,235 [INFO] [/home/antti/projects/ympariajo-info/app.py line 18 @140298838062912] - app script starts 
2021-06-17 10:37:02,245 [INFO] [/home/antti/projects/ympariajo-info/app.py line 26 @140298838062912] - reading data 
2021-06-17 10:37:02,595 [INFO] [/home/antti/projects/ympariajo-info/app.py line 31 @140298838062912] - formatting data 
2021-06-17 10:37:02,603 [INFO] [/home/antti/projects/ympariajo-info/app.py line 41 @140298838062912] - creating graphs 
2021-06-17 10:37:04,303 [INFO] [/home/antti/projects/ympariajo-info/app.py line 93 @140298838062912] - defining layout 
2021-06-17 10:37:04,307 [INFO] [/home/antti/projects/ympariajo-info/app.py line 162 @140298838062912] - running development server 
2021-06-17 10:38:19,996 [INFO] [/home/antti/projects/ympariajo-info/app.py line 18 @140232138270528] - app script starts 
2021-06-17 10:38:20,006 [INFO] [/home/antti/projects/ympariajo-info/app.py line 26 @140232138270528] - reading data 
2021-06-17 10:38:20,378 [INFO] [/home/antti/projects/ympariajo-info/app.py line 31 @140232138270528] - formatting data 
2021-06-17 10:38:20,386 [INFO] [/home/antti/projects/ympariajo-info/app.py line 41 @140232138270528] - creating graphs 
2021-06-17 10:38:22,056 [INFO] [/home/antti/projects/ympariajo-info/app.py line 96 @140232138270528] - defining layout 
2021-06-17 10:38:22,061 [INFO] [/home/antti/projects/ympariajo-info/app.py line 165 @140232138270528] - running development server 
2021-06-17 10:39:42,189 [INFO] [/home/antti/projects/ympariajo-info/app.py line 18 @139861412730688] - app script starts 
2021-06-17 10:39:42,197 [INFO] [/home/antti/projects/ympariajo-info/app.py line 26 @139861412730688] - reading data 
2021-06-17 10:39:42,517 [INFO] [/home/antti/projects/ympariajo-info/app.py line 31 @139861412730688] - formatting data 
2021-06-17 10:39:42,523 [INFO] [/home/antti/projects/ympariajo-info/app.py line 41 @139861412730688] - creating graphs 
2021-06-17 10:39:44,357 [INFO] [/home/antti/projects/ympariajo-info/app.py line 96 @139861412730688] - defining layout 
2021-06-17 10:39:44,363 [INFO] [/home/antti/projects/ympariajo-info/app.py line 165 @139861412730688] - running development server 
2021-06-17 10:41:58,689 [INFO] [/home/antti/projects/ympariajo-info/app.py line 18 @140560742180672] - app script starts 
2021-06-17 10:41:58,703 [INFO] [/home/antti/projects/ympariajo-info/app.py line 26 @140560742180672] - reading data 
2021-06-17 10:41:59,102 [INFO] [/home/antti/projects/ympariajo-info/app.py line 31 @140560742180672] - formatting data 
2021-06-17 10:41:59,114 [INFO] [/home/antti/projects/ympariajo-info/app.py line 41 @140560742180672] - creating graphs 
2021-06-17 10:42:00,816 [INFO] [/home/antti/projects/ympariajo-info/app.py line 96 @140560742180672] - defining layout 
2021-06-17 10:42:00,820 [INFO] [/home/antti/projects/ympariajo-info/app.py line 165 @140560742180672] - running development server 
